# JRE version: OpenJDK Runtime Environment Temurin-17.0.13+11 (17.0.13+11) (build 17.0.13+11)
# Java VM: OpenJDK 64-Bit Server VM Temurin-17.0.13+11 (17.0.13+11, mixed mode, tiered, compressed oops, compressed class ptrs, parallel gc, windows-amd64)
GC Precious Log:
 CPUs: 8 total, 8 available
 Memory: 8026M
 Large Page Support: Disabled
 NUMA Support: Disabled
 Compressed Oops: Enabled (32-bit)
 Alignments: Space 512K, Generation 512K, Heap 2M
 Heap Min Capacity: 100M
 Heap Initial Capacity: 100M
 Heap Max Capacity: 1G
 Pre-touch: Disabled
 Parallel Workers: 8
Heap:
 PSYoungGen      total 4608K, used 3104K [0x00000000eab00000, 0x00000000eb080000, 0x0000000100000000)
  eden space 3584K, 58% used [0x00000000eab00000,0x00000000ead0e148,0x00000000eae80000)
  from space 1024K, 97% used [0x00000000eaf80000,0x00000000eb079f78,0x00000000eb080000)
  to   space 1024K, 0% used [0x00000000eae80000,0x00000000eae80000,0x00000000eaf80000)
 ParOldGen       total 228864K, used 206436K [0x00000000c0000000, 0x00000000cdf80000, 0x00000000eab00000)
  object space 228864K, 90% used [0x00000000c0000000,0x00000000cc9992d8,0x00000000cdf80000)
 Metaspace       used 61030K, committed 62144K, reserved 1114112K
  class space    used 6392K, committed 6848K, reserved 1048576K
GC Heap History (20 events):
Event: 158.566 GC heap before
{Heap before GC invocations=299 (full 14):
 PSYoungGen      total 4608K, used 4336K [0x00000000eab00000, 0x00000000eb280000, 0x0000000100000000)
  eden space 3584K, 99% used [0x00000000eab00000,0x00000000eae7ffe8,0x00000000eae80000)
  from space 1024K, 73% used [0x00000000eb180000,0x00000000eb23c320,0x00000000eb280000)
  to   space 1536K, 0% used [0x00000000eaf80000,0x00000000eaf80000,0x00000000eb100000)
 ParOldGen       total 228864K, used 203853K [0x00000000c0000000, 0x00000000cdf80000, 0x00000000eab00000)
  object space 228864K, 89% used [0x00000000c0000000,0x00000000cc713418,0x00000000cdf80000)
 Metaspace       used 60027K, committed 61184K, reserved 1114112K
  class space    used 6310K, committed 6784K, reserved 1048576K
}
Event: 158.571 GC heap after
{Heap after GC invocations=299 (full 14):
 PSYoungGen      total 5120K, used 775K [0x00000000eab00000, 0x00000000eb200000, 0x0000000100000000)
  eden space 3584K, 0% used [0x00000000eab00000,0x00000000eab00000,0x00000000eae80000)
  from space 1536K, 50% used [0x00000000eaf80000,0x00000000eb041fd8,0x00000000eb100000)
  to   space 1024K, 0% used [0x00000000eb100000,0x00000000eb100000,0x00000000eb200000)
 ParOldGen       total 228864K, used 203861K [0x00000000c0000000, 0x00000000cdf80000, 0x00000000eab00000)
  object space 228864K, 89% used [0x00000000c0000000,0x00000000cc715418,0x00000000cdf80000)
 Metaspace       used 60027K, committed 61184K, reserved 1114112K
  class space    used 6310K, committed 6784K, reserved 1048576K
}
Event: 158.782 GC heap before
{Heap before GC invocations=300 (full 14):
 PSYoungGen      total 5120K, used 4359K [0x00000000eab00000, 0x00000000eb200000, 0x0000000100000000)
  eden space 3584K, 99% used [0x00000000eab00000,0x00000000eae7fff8,0x00000000eae80000)
  from space 1536K, 50% used [0x00000000eaf80000,0x00000000eb041fd8,0x00000000eb100000)
  to   space 1024K, 0% used [0x00000000eb100000,0x00000000eb100000,0x00000000eb200000)
 ParOldGen       total 228864K, used 203861K [0x00000000c0000000, 0x00000000cdf80000, 0x00000000eab00000)
  object space 228864K, 89% used [0x00000000c0000000,0x00000000cc715418,0x00000000cdf80000)
 Metaspace       used 60098K, committed 61248K, reserved 1114112K
  class space    used 6321K, committed 6784K, reserved 1048576K
}
Event: 158.785 GC heap after
{Heap after GC invocations=300 (full 14):
 PSYoungGen      total 4608K, used 1013K [0x00000000eab00000, 0x00000000eb200000, 0x0000000100000000)
  eden space 3584K, 0% used [0x00000000eab00000,0x00000000eab00000,0x00000000eae80000)
  from space 1024K, 98% used [0x00000000eb100000,0x00000000eb1fd4f0,0x00000000eb200000)
  to   space 1536K, 0% used [0x00000000eaf00000,0x00000000eaf00000,0x00000000eb080000)
 ParOldGen       total 228864K, used 204037K [0x00000000c0000000, 0x00000000cdf80000, 0x00000000eab00000)
  object space 228864K, 89% used [0x00000000c0000000,0x00000000cc7417e0,0x00000000cdf80000)
 Metaspace       used 60098K, committed 61248K, reserved 1114112K
  class space    used 6321K, committed 6784K, reserved 1048576K
}
Event: 158.887 GC heap before
{Heap before GC invocations=301 (full 14):
 PSYoungGen      total 4608K, used 4597K [0x00000000eab00000, 0x00000000eb200000, 0x0000000100000000)
  eden space 3584K, 100% used [0x00000000eab00000,0x00000000eae80000,0x00000000eae80000)
  from space 1024K, 98% used [0x00000000eb100000,0x00000000eb1fd4f0,0x00000000eb200000)
  to   space 1536K, 0% used [0x00000000eaf00000,0x00000000eaf00000,0x00000000eb080000)
 ParOldGen       total 228864K, used 204037K [0x00000000c0000000, 0x00000000cdf80000, 0x00000000eab00000)
  object space 228864K, 89% used [0x00000000c0000000,0x00000000cc7417e0,0x00000000cdf80000)
 Metaspace       used 60247K, committed 61440K, reserved 1114112K
  class space    used 6345K, committed 6848K, reserved 1048576K
}
Event: 158.895 GC heap after
{Heap after GC invocations=301 (full 14):
 PSYoungGen      total 5120K, used 1044K [0x00000000eab00000, 0x00000000eb180000, 0x0000000100000000)
  eden space 3584K, 0% used [0x00000000eab00000,0x00000000eab00000,0x00000000eae80000)
  from space 1536K, 68% used [0x00000000eaf00000,0x00000000eb005220,0x00000000eb080000)
  to   space 1024K, 0% used [0x00000000eb080000,0x00000000eb080000,0x00000000eb180000)
 ParOldGen       total 228864K, used 204189K [0x00000000c0000000, 0x00000000cdf80000, 0x00000000eab00000)
  object space 228864K, 89% used [0x00000000c0000000,0x00000000cc7677f0,0x00000000cdf80000)
 Metaspace       used 60247K, committed 61440K, reserved 1114112K
  class space    used 6345K, committed 6848K, reserved 1048576K
}
Event: 159.274 GC heap before
{Heap before GC invocations=302 (full 14):
 PSYoungGen      total 5120K, used 4628K [0x00000000eab00000, 0x00000000eb180000, 0x0000000100000000)
  eden space 3584K, 100% used [0x00000000eab00000,0x00000000eae80000,0x00000000eae80000)
  from space 1536K, 68% used [0x00000000eaf00000,0x00000000eb005220,0x00000000eb080000)
  to   space 1024K, 0% used [0x00000000eb080000,0x00000000eb080000,0x00000000eb180000)
 ParOldGen       total 228864K, used 204189K [0x00000000c0000000, 0x00000000cdf80000, 0x00000000eab00000)
  object space 228864K, 89% used [0x00000000c0000000,0x00000000cc7677f0,0x00000000cdf80000)
 Metaspace       used 60983K, committed 62144K, reserved 1114112K
  class space    used 6392K, committed 6848K, reserved 1048576K
}
Event: 159.280 GC heap after
{Heap after GC invocations=302 (full 14):
 PSYoungGen      total 4608K, used 1006K [0x00000000eab00000, 0x00000000eb180000, 0x0000000100000000)
  eden space 3584K, 0% used [0x00000000eab00000,0x00000000eab00000,0x00000000eae80000)
  from space 1024K, 98% used [0x00000000eb080000,0x00000000eb17bb40,0x00000000eb180000)
  to   space 1536K, 0% used [0x00000000eae80000,0x00000000eae80000,0x00000000eb000000)
 ParOldGen       total 228864K, used 204293K [0x00000000c0000000, 0x00000000cdf80000, 0x00000000eab00000)
  object space 228864K, 89% used [0x00000000c0000000,0x00000000cc7817f0,0x00000000cdf80000)
 Metaspace       used 60983K, committed 62144K, reserved 1114112K
  class space    used 6392K, committed 6848K, reserved 1048576K
}
Event: 159.317 GC heap before
{Heap before GC invocations=303 (full 14):
 PSYoungGen      total 4608K, used 4590K [0x00000000eab00000, 0x00000000eb180000, 0x0000000100000000)
  eden space 3584K, 100% used [0x00000000eab00000,0x00000000eae80000,0x00000000eae80000)
  from space 1024K, 98% used [0x00000000eb080000,0x00000000eb17bb40,0x00000000eb180000)
  to   space 1536K, 0% used [0x00000000eae80000,0x00000000eae80000,0x00000000eb000000)
 ParOldGen       total 228864K, used 204293K [0x00000000c0000000, 0x00000000cdf80000, 0x00000000eab00000)
  object space 228864K, 89% used [0x00000000c0000000,0x00000000cc7817f0,0x00000000cdf80000)
 Metaspace       used 60996K, committed 62144K, reserved 1114112K
  class space    used 6392K, committed 6848K, reserved 1048576K
}
Event: 159.321 GC heap after
{Heap after GC invocations=303 (full 14):
 PSYoungGen      total 5120K, used 1508K [0x00000000eab00000, 0x00000000eb380000, 0x0000000100000000)
  eden space 3584K, 0% used [0x00000000eab00000,0x00000000eab00000,0x00000000eae80000)
  from space 1536K, 98% used [0x00000000eae80000,0x00000000eaff9330,0x00000000eb000000)
  to   space 2560K, 0% used [0x00000000eb100000,0x00000000eb100000,0x00000000eb380000)
 ParOldGen       total 228864K, used 205121K [0x00000000c0000000, 0x00000000cdf80000, 0x00000000eab00000)
  object space 228864K, 89% used [0x00000000c0000000,0x00000000cc850640,0x00000000cdf80000)
 Metaspace       used 60996K, committed 62144K, reserved 1114112K
  class space    used 6392K, committed 6848K, reserved 1048576K
}
Event: 159.352 GC heap before
{Heap before GC invocations=304 (full 14):
 PSYoungGen      total 5120K, used 5092K [0x00000000eab00000, 0x00000000eb380000, 0x0000000100000000)
  eden space 3584K, 100% used [0x00000000eab00000,0x00000000eae80000,0x00000000eae80000)
  from space 1536K, 98% used [0x00000000eae80000,0x00000000eaff9330,0x00000000eb000000)
  to   space 2560K, 0% used [0x00000000eb100000,0x00000000eb100000,0x00000000eb380000)
 ParOldGen       total 228864K, used 205121K [0x00000000c0000000, 0x00000000cdf80000, 0x00000000eab00000)
  object space 228864K, 89% used [0x00000000c0000000,0x00000000cc850640,0x00000000cdf80000)
 Metaspace       used 61001K, committed 62144K, reserved 1114112K
  class space    used 6392K, committed 6848K, reserved 1048576K
}
Event: 159.362 GC heap after
{Heap after GC invocations=304 (full 14):
 PSYoungGen      total 6144K, used 2055K [0x00000000eab00000, 0x00000000eb380000, 0x0000000100000000)
  eden space 3584K, 0% used [0x00000000eab00000,0x00000000eab00000,0x00000000eae80000)
  from space 2560K, 80% used [0x00000000eb100000,0x00000000eb301f90,0x00000000eb380000)
  to   space 2560K, 0% used [0x00000000eae80000,0x00000000eae80000,0x00000000eb100000)
 ParOldGen       total 228864K, used 205449K [0x00000000c0000000, 0x00000000cdf80000, 0x00000000eab00000)
  object space 228864K, 89% used [0x00000000c0000000,0x00000000cc8a2730,0x00000000cdf80000)
 Metaspace       used 61001K, committed 62144K, reserved 1114112K
  class space    used 6392K, committed 6848K, reserved 1048576K
}
Event: 159.393 GC heap before
{Heap before GC invocations=305 (full 14):
 PSYoungGen      total 6144K, used 5532K [0x00000000eab00000, 0x00000000eb380000, 0x0000000100000000)
  eden space 3584K, 97% used [0x00000000eab00000,0x00000000eae65240,0x00000000eae80000)
  from space 2560K, 80% used [0x00000000eb100000,0x00000000eb301f90,0x00000000eb380000)
  to   space 2560K, 0% used [0x00000000eae80000,0x00000000eae80000,0x00000000eb100000)
 ParOldGen       total 228864K, used 205449K [0x00000000c0000000, 0x00000000cdf80000, 0x00000000eab00000)
  object space 228864K, 89% used [0x00000000c0000000,0x00000000cc8a2730,0x00000000cdf80000)
 Metaspace       used 61006K, committed 62144K, reserved 1114112K
  class space    used 6392K, committed 6848K, reserved 1048576K
}
Event: 159.399 GC heap after
{Heap after GC invocations=305 (full 14):
 PSYoungGen      total 5632K, used 1933K [0x00000000eab00000, 0x00000000eb280000, 0x0000000100000000)
  eden space 3584K, 0% used [0x00000000eab00000,0x00000000eab00000,0x00000000eae80000)
  from space 2048K, 94% used [0x00000000eae80000,0x00000000eb063438,0x00000000eb080000)
  to   space 2048K, 0% used [0x00000000eb080000,0x00000000eb080000,0x00000000eb280000)
 ParOldGen       total 228864K, used 205635K [0x00000000c0000000, 0x00000000cdf80000, 0x00000000eab00000)
  object space 228864K, 89% used [0x00000000c0000000,0x00000000cc8d0f20,0x00000000cdf80000)
 Metaspace       used 61006K, committed 62144K, reserved 1114112K
  class space    used 6392K, committed 6848K, reserved 1048576K
}
Event: 159.495 GC heap before
{Heap before GC invocations=306 (full 14):
 PSYoungGen      total 5632K, used 5517K [0x00000000eab00000, 0x00000000eb280000, 0x0000000100000000)
  eden space 3584K, 100% used [0x00000000eab00000,0x00000000eae80000,0x00000000eae80000)
  from space 2048K, 94% used [0x00000000eae80000,0x00000000eb063438,0x00000000eb080000)
  to   space 2048K, 0% used [0x00000000eb080000,0x00000000eb080000,0x00000000eb280000)
 ParOldGen       total 228864K, used 205635K [0x00000000c0000000, 0x00000000cdf80000, 0x00000000eab00000)
  object space 228864K, 89% used [0x00000000c0000000,0x00000000cc8d0f20,0x00000000cdf80000)
 Metaspace       used 61016K, committed 62144K, reserved 1114112K
  class space    used 6392K, committed 6848K, reserved 1048576K
}
Event: 159.500 GC heap after
{Heap after GC invocations=306 (full 14):
 PSYoungGen      total 4608K, used 516K [0x00000000eab00000, 0x00000000eb180000, 0x0000000100000000)
  eden space 3584K, 0% used [0x00000000eab00000,0x00000000eab00000,0x00000000eae80000)
  from space 1024K, 50% used [0x00000000eb080000,0x00000000eb101120,0x00000000eb180000)
  to   space 1536K, 0% used [0x00000000eae80000,0x00000000eae80000,0x00000000eb000000)
 ParOldGen       total 228864K, used 206364K [0x00000000c0000000, 0x00000000cdf80000, 0x00000000eab00000)
  object space 228864K, 90% used [0x00000000c0000000,0x00000000cc9872d8,0x00000000cdf80000)
 Metaspace       used 61016K, committed 62144K, reserved 1114112K
  class space    used 6392K, committed 6848K, reserved 1048576K
}
Event: 159.601 GC heap before
{Heap before GC invocations=307 (full 14):
 PSYoungGen      total 4608K, used 4100K [0x00000000eab00000, 0x00000000eb180000, 0x0000000100000000)
  eden space 3584K, 100% used [0x00000000eab00000,0x00000000eae80000,0x00000000eae80000)
  from space 1024K, 50% used [0x00000000eb080000,0x00000000eb101120,0x00000000eb180000)
  to   space 1536K, 0% used [0x00000000eae80000,0x00000000eae80000,0x00000000eb000000)
 ParOldGen       total 228864K, used 206364K [0x00000000c0000000, 0x00000000cdf80000, 0x00000000eab00000)
  object space 228864K, 90% used [0x00000000c0000000,0x00000000cc9872d8,0x00000000cdf80000)
 Metaspace       used 61025K, committed 62144K, reserved 1114112K
  class space    used 6392K, committed 6848K, reserved 1048576K
}
Event: 159.619 GC heap after
{Heap after GC invocations=307 (full 14):
 PSYoungGen      total 5120K, used 1045K [0x00000000eab00000, 0x00000000eb180000, 0x0000000100000000)
  eden space 3584K, 0% used [0x00000000eab00000,0x00000000eab00000,0x00000000eae80000)
  from space 1536K, 68% used [0x00000000eae80000,0x00000000eaf85420,0x00000000eb000000)
  to   space 1536K, 0% used [0x00000000eb000000,0x00000000eb000000,0x00000000eb180000)
 ParOldGen       total 228864K, used 206396K [0x00000000c0000000, 0x00000000cdf80000, 0x00000000eab00000)
  object space 228864K, 90% used [0x00000000c0000000,0x00000000cc98f2d8,0x00000000cdf80000)
 Metaspace       used 61025K, committed 62144K, reserved 1114112K
  class space    used 6392K, committed 6848K, reserved 1048576K
}
Event: 159.763 GC heap before
{Heap before GC invocations=308 (full 14):
 PSYoungGen      total 5120K, used 4608K [0x00000000eab00000, 0x00000000eb180000, 0x0000000100000000)
  eden space 3584K, 99% used [0x00000000eab00000,0x00000000eae7ac08,0x00000000eae80000)
  from space 1536K, 68% used [0x00000000eae80000,0x00000000eaf85420,0x00000000eb000000)
  to   space 1536K, 0% used [0x00000000eb000000,0x00000000eb000000,0x00000000eb180000)
 ParOldGen       total 228864K, used 206396K [0x00000000c0000000, 0x00000000cdf80000, 0x00000000eab00000)
  object space 228864K, 90% used [0x00000000c0000000,0x00000000cc98f2d8,0x00000000cdf80000)
 Metaspace       used 61028K, committed 62144K, reserved 1114112K
  class space    used 6392K, committed 6848K, reserved 1048576K
}
Event: 159.770 GC heap after
{Heap after GC invocations=308 (full 14):
 PSYoungGen      total 4096K, used 258K [0x00000000eab00000, 0x00000000eb080000, 0x0000000100000000)
  eden space 3584K, 0% used [0x00000000eab00000,0x00000000eab00000,0x00000000eae80000)
  from space 512K, 50% used [0x00000000eb000000,0x00000000eb040ab8,0x00000000eb080000)
  to   space 1024K, 0% used [0x00000000eae80000,0x00000000eae80000,0x00000000eaf80000)
 ParOldGen       total 228864K, used 206412K [0x00000000c0000000, 0x00000000cdf80000, 0x00000000eab00000)
  object space 228864K, 90% used [0x00000000c0000000,0x00000000cc9932d8,0x00000000cdf80000)
 Metaspace       used 61028K, committed 62144K, reserved 1114112K
  class space    used 6392K, committed 6848K, reserved 1048576K
}

